<?xml version="1.0" encoding="UTF-8"?>
<!-- Generated by org.testng.reporters.JUnitReportReporter -->
<testsuite hostname="Himanshu" failures="0" tests="2" name="executions.amazonrunner" time="37.102" errors="0" timestamp="2024-01-26T20:44:42 IST" skipped="0">
  <testcase classname="executions.amazonrunner" name="runScenario" time="20.157"/>
  <system-out/>
  <testcase classname="executions.amazonrunner" name="runScenario" time="16.945"/>
  <system-out/>
</testsuite> <!-- executions.amazonrunner -->
